2019.06.15 12:04:11.246 INFO  Server.Server - Server starter at ServerSocket[addr=0.0.0.0/0.0.0.0,localport=5400]!
2019.06.15 12:04:11.247 INFO  Server.Server - Server starter at ServerSocket[addr=0.0.0.0/0.0.0.0,localport=5401]!
2019.06.15 12:04:11.251 INFO  Server.Server - Server's Strategy: ServerStrategyGenerateMaze
2019.06.15 12:04:11.251 INFO  Server.Server - Server's Strategy: ServerStrategySolveSearchProblem
2019.06.15 12:04:11.252 INFO  Server.Server - Server is waiting for clients...
2019.06.15 12:04:11.252 INFO  Server.Server - Server is waiting for clients...
2019.06.15 12:04:12.252 DEBUG Server.Server - Socket Timeout - No clients are waiting!
2019.06.15 12:04:12.252 DEBUG Server.Server - Socket Timeout - No clients are waiting!
2019.06.15 12:04:13.253 DEBUG Server.Server - Socket Timeout - No clients are waiting!
2019.06.15 12:04:13.257 DEBUG Server.Server - Socket Timeout - No clients are waiting!
2019.06.15 12:04:14.253 DEBUG Server.Server - Socket Timeout - No clients are waiting!
2019.06.15 12:04:14.257 DEBUG Server.Server - Socket Timeout - No clients are waiting!
2019.06.15 12:04:15.004 INFO  Server.Server - Client excepted: Socket[addr=/169.254.180.107,port=57280,localport=5400]
2019.06.15 12:04:15.260 DEBUG Server.Server - Socket Timeout - No clients are waiting!
2019.06.15 12:04:16.005 DEBUG Server.Server - Socket Timeout - No clients are waiting!
2019.06.15 12:04:16.261 DEBUG Server.Server - Socket Timeout - No clients are waiting!
2019.06.15 12:04:17.007 DEBUG Server.Server - Socket Timeout - No clients are waiting!
2019.06.15 12:04:17.264 DEBUG Server.Server - Socket Timeout - No clients are waiting!
2019.06.15 12:04:18.008 DEBUG Server.Server - Socket Timeout - No clients are waiting!
2019.06.15 12:04:18.265 DEBUG Server.Server - Socket Timeout - No clients are waiting!
2019.06.15 12:04:19.008 DEBUG Server.Server - Socket Timeout - No clients are waiting!
2019.06.15 12:04:19.265 DEBUG Server.Server - Socket Timeout - No clients are waiting!
2019.06.15 12:04:20.009 DEBUG Server.Server - Socket Timeout - No clients are waiting!
2019.06.15 12:04:20.266 DEBUG Server.Server - Socket Timeout - No clients are waiting!
2019.06.15 12:04:21.009 DEBUG Server.Server - Socket Timeout - No clients are waiting!
2019.06.15 12:04:21.268 DEBUG Server.Server - Socket Timeout - No clients are waiting!
2019.06.15 12:04:22.010 DEBUG Server.Server - Socket Timeout - No clients are waiting!
2019.06.15 12:04:22.080 INFO  Server.Server - Client excepted: Socket[addr=/169.254.180.107,port=57281,localport=5400]
2019.06.15 12:04:22.269 DEBUG Server.Server - Socket Timeout - No clients are waiting!
2019.06.15 12:04:23.081 DEBUG Server.Server - Socket Timeout - No clients are waiting!
2019.06.15 12:04:23.270 DEBUG Server.Server - Socket Timeout - No clients are waiting!
2019.06.15 12:04:24.083 DEBUG Server.Server - Socket Timeout - No clients are waiting!
2019.06.15 12:04:24.270 DEBUG Server.Server - Socket Timeout - No clients are waiting!
2019.06.15 12:04:25.085 DEBUG Server.Server - Socket Timeout - No clients are waiting!
2019.06.15 12:04:25.271 DEBUG Server.Server - Socket Timeout - No clients are waiting!
2019.06.15 12:04:26.086 DEBUG Server.Server - Socket Timeout - No clients are waiting!
2019.06.15 12:04:26.272 DEBUG Server.Server - Socket Timeout - No clients are waiting!
2019.06.15 12:04:26.650 INFO  Server.Server - Client excepted: Socket[addr=/169.254.180.107,port=57282,localport=5401]
2019.06.15 12:04:27.088 DEBUG Server.Server - Socket Timeout - No clients are waiting!
2019.06.15 12:04:27.652 DEBUG Server.Server - Socket Timeout - No clients are waiting!
2019.06.15 12:04:28.090 DEBUG Server.Server - Socket Timeout - No clients are waiting!
2019.06.15 12:04:28.653 DEBUG Server.Server - Socket Timeout - No clients are waiting!
2019.06.15 12:04:29.090 DEBUG Server.Server - Socket Timeout - No clients are waiting!
2019.06.15 12:04:29.653 DEBUG Server.Server - Socket Timeout - No clients are waiting!
2019.06.15 12:04:30.091 DEBUG Server.Server - Socket Timeout - No clients are waiting!
2019.06.15 12:04:30.653 DEBUG Server.Server - Socket Timeout - No clients are waiting!
2019.06.15 12:04:31.093 DEBUG Server.Server - Socket Timeout - No clients are waiting!
2019.06.15 12:04:31.654 DEBUG Server.Server - Socket Timeout - No clients are waiting!
2019.06.15 12:04:32.093 DEBUG Server.Server - Socket Timeout - No clients are waiting!
2019.06.15 12:04:32.655 DEBUG Server.Server - Socket Timeout - No clients are waiting!
2019.06.15 12:04:33.095 DEBUG Server.Server - Socket Timeout - No clients are waiting!
2019.06.15 12:04:33.655 DEBUG Server.Server - Socket Timeout - No clients are waiting!
2019.06.15 12:04:34.095 DEBUG Server.Server - Socket Timeout - No clients are waiting!
2019.06.15 12:04:34.656 DEBUG Server.Server - Socket Timeout - No clients are waiting!
2019.06.15 12:04:35.097 DEBUG Server.Server - Socket Timeout - No clients are waiting!
2019.06.15 12:04:35.658 DEBUG Server.Server - Socket Timeout - No clients are waiting!
2019.06.15 12:04:36.098 DEBUG Server.Server - Socket Timeout - No clients are waiting!
2019.06.15 12:04:36.660 DEBUG Server.Server - Socket Timeout - No clients are waiting!
2019.06.15 12:04:37.100 DEBUG Server.Server - Socket Timeout - No clients are waiting!
2019.06.15 12:04:37.661 DEBUG Server.Server - Socket Timeout - No clients are waiting!
2019.06.15 12:04:38.101 DEBUG Server.Server - Socket Timeout - No clients are waiting!
2019.06.15 12:08:45.316 INFO  Server.Server - Server starter at ServerSocket[addr=0.0.0.0/0.0.0.0,localport=5401]!
2019.06.15 12:08:45.316 INFO  Server.Server - Server starter at ServerSocket[addr=0.0.0.0/0.0.0.0,localport=5400]!
2019.06.15 12:08:45.320 INFO  Server.Server - Server's Strategy: ServerStrategyGenerateMaze
2019.06.15 12:08:45.320 INFO  Server.Server - Server's Strategy: ServerStrategySolveSearchProblem
2019.06.15 12:08:45.321 INFO  Server.Server - Server is waiting for clients...
2019.06.15 12:08:45.321 INFO  Server.Server - Server is waiting for clients...
2019.06.15 12:08:46.322 DEBUG Server.Server - Socket Timeout - No clients are waiting!
2019.06.15 12:08:46.322 DEBUG Server.Server - Socket Timeout - No clients are waiting!
2019.06.15 12:08:47.322 DEBUG Server.Server - Socket Timeout - No clients are waiting!
2019.06.15 12:08:47.322 DEBUG Server.Server - Socket Timeout - No clients are waiting!
2019.06.15 12:08:48.323 DEBUG Server.Server - Socket Timeout - No clients are waiting!
2019.06.15 12:08:48.323 DEBUG Server.Server - Socket Timeout - No clients are waiting!
2019.06.15 12:08:48.486 INFO  Server.Server - Client excepted: Socket[addr=/169.254.180.107,port=57311,localport=5400]
2019.06.15 12:08:49.324 DEBUG Server.Server - Socket Timeout - No clients are waiting!
2019.06.15 12:08:49.487 DEBUG Server.Server - Socket Timeout - No clients are waiting!
2019.06.15 12:08:50.326 DEBUG Server.Server - Socket Timeout - No clients are waiting!
2019.06.15 12:08:50.489 DEBUG Server.Server - Socket Timeout - No clients are waiting!
2019.06.15 12:08:51.327 DEBUG Server.Server - Socket Timeout - No clients are waiting!
2019.06.15 12:08:51.491 DEBUG Server.Server - Socket Timeout - No clients are waiting!
2019.06.15 12:08:52.329 DEBUG Server.Server - Socket Timeout - No clients are waiting!
2019.06.15 12:08:52.493 DEBUG Server.Server - Socket Timeout - No clients are waiting!
2019.06.15 12:08:53.329 DEBUG Server.Server - Socket Timeout - No clients are waiting!
2019.06.15 12:08:53.494 DEBUG Server.Server - Socket Timeout - No clients are waiting!
2019.06.15 12:08:54.149 INFO  Server.Server - Client excepted: Socket[addr=/169.254.180.107,port=57312,localport=5401]
2019.06.15 12:08:54.496 DEBUG Server.Server - Socket Timeout - No clients are waiting!
2019.06.15 12:08:55.149 DEBUG Server.Server - Socket Timeout - No clients are waiting!
2019.06.15 12:08:55.496 DEBUG Server.Server - Socket Timeout - No clients are waiting!
2019.06.15 12:08:56.151 DEBUG Server.Server - Socket Timeout - No clients are waiting!
2019.06.15 12:08:56.498 DEBUG Server.Server - Socket Timeout - No clients are waiting!
2019.06.15 12:08:57.152 DEBUG Server.Server - Socket Timeout - No clients are waiting!
2019.06.15 12:08:57.500 DEBUG Server.Server - Socket Timeout - No clients are waiting!
2019.06.15 12:08:58.154 DEBUG Server.Server - Socket Timeout - No clients are waiting!
2019.06.15 12:08:58.501 DEBUG Server.Server - Socket Timeout - No clients are waiting!
2019.06.15 12:08:59.156 DEBUG Server.Server - Socket Timeout - No clients are waiting!
2019.06.15 12:08:59.502 DEBUG Server.Server - Socket Timeout - No clients are waiting!
2019.06.15 12:09:00.158 DEBUG Server.Server - Socket Timeout - No clients are waiting!
2019.06.15 12:09:00.505 DEBUG Server.Server - Socket Timeout - No clients are waiting!
2019.06.15 12:09:01.161 DEBUG Server.Server - Socket Timeout - No clients are waiting!
2019.06.15 12:09:01.508 DEBUG Server.Server - Socket Timeout - No clients are waiting!
2019.06.15 12:09:02.162 DEBUG Server.Server - Socket Timeout - No clients are waiting!
2019.06.15 12:09:02.509 DEBUG Server.Server - Socket Timeout - No clients are waiting!
2019.06.15 12:09:03.164 DEBUG Server.Server - Socket Timeout - No clients are waiting!
2019.06.15 12:09:03.510 DEBUG Server.Server - Socket Timeout - No clients are waiting!
2019.06.15 12:09:04.166 DEBUG Server.Server - Socket Timeout - No clients are waiting!
2019.06.15 12:09:04.512 DEBUG Server.Server - Socket Timeout - No clients are waiting!
2019.06.15 12:09:05.167 DEBUG Server.Server - Socket Timeout - No clients are waiting!
2019.06.15 12:09:05.513 DEBUG Server.Server - Socket Timeout - No clients are waiting!
2019.06.15 12:09:05.592 INFO  Server.Server - Stopping server..
2019.06.15 12:09:05.593 INFO  Server.Server - Stopping server..
2019.06.15 18:29:59.050 INFO  Server.Server - Server starter at ServerSocket[addr=0.0.0.0/0.0.0.0,localport=5400]!
2019.06.15 18:29:59.051 INFO  Server.Server - Server starter at ServerSocket[addr=0.0.0.0/0.0.0.0,localport=5401]!
2019.06.15 18:29:59.055 INFO  Server.Server - Server's Strategy: ServerStrategySolveSearchProblem
2019.06.15 18:29:59.056 INFO  Server.Server - Server is waiting for clients...
2019.06.15 18:29:59.055 INFO  Server.Server - Server's Strategy: ServerStrategyGenerateMaze
2019.06.15 18:29:59.056 INFO  Server.Server - Server is waiting for clients...
2019.06.15 18:30:00.056 DEBUG Server.Server - Socket Timeout - No clients are waiting!
2019.06.15 18:30:00.058 DEBUG Server.Server - Socket Timeout - No clients are waiting!
2019.06.15 18:30:01.056 DEBUG Server.Server - Socket Timeout - No clients are waiting!
2019.06.15 18:30:01.058 DEBUG Server.Server - Socket Timeout - No clients are waiting!
2019.06.15 18:30:02.057 DEBUG Server.Server - Socket Timeout - No clients are waiting!
2019.06.15 18:30:02.059 DEBUG Server.Server - Socket Timeout - No clients are waiting!
2019.06.15 18:30:03.057 DEBUG Server.Server - Socket Timeout - No clients are waiting!
2019.06.15 18:30:03.059 DEBUG Server.Server - Socket Timeout - No clients are waiting!
2019.06.15 18:30:04.058 DEBUG Server.Server - Socket Timeout - No clients are waiting!
2019.06.15 18:30:04.060 DEBUG Server.Server - Socket Timeout - No clients are waiting!
2019.06.15 18:30:05.060 DEBUG Server.Server - Socket Timeout - No clients are waiting!
2019.06.15 18:30:05.061 DEBUG Server.Server - Socket Timeout - No clients are waiting!
2019.06.15 18:30:06.060 DEBUG Server.Server - Socket Timeout - No clients are waiting!
2019.06.15 18:30:06.061 DEBUG Server.Server - Socket Timeout - No clients are waiting!
2019.06.15 18:30:07.061 DEBUG Server.Server - Socket Timeout - No clients are waiting!
2019.06.15 18:30:07.062 DEBUG Server.Server - Socket Timeout - No clients are waiting!
2019.06.15 18:30:08.019 INFO  Server.Server - Client excepted: Socket[addr=/169.254.180.107,port=61172,localport=5400]
2019.06.15 18:30:08.061 DEBUG Server.Server - Socket Timeout - No clients are waiting!
2019.06.15 18:30:09.020 DEBUG Server.Server - Socket Timeout - No clients are waiting!
2019.06.15 18:30:09.061 DEBUG Server.Server - Socket Timeout - No clients are waiting!
2019.06.15 18:30:10.021 DEBUG Server.Server - Socket Timeout - No clients are waiting!
2019.06.15 18:30:10.062 DEBUG Server.Server - Socket Timeout - No clients are waiting!
2019.06.15 18:30:11.021 DEBUG Server.Server - Socket Timeout - No clients are waiting!
2019.06.15 18:30:11.062 DEBUG Server.Server - Socket Timeout - No clients are waiting!
2019.06.15 18:30:12.022 DEBUG Server.Server - Socket Timeout - No clients are waiting!
2019.06.15 18:30:12.102 DEBUG Server.Server - Socket Timeout - No clients are waiting!
2019.06.15 18:30:12.747 INFO  Server.Server - Stopping server..
2019.06.15 18:30:12.748 INFO  Server.Server - Stopping server..
2019.06.15 20:56:05.492 INFO  Server.Server - Server starter at ServerSocket[addr=0.0.0.0/0.0.0.0,localport=5401]!
2019.06.15 20:56:05.492 INFO  Server.Server - Server starter at ServerSocket[addr=0.0.0.0/0.0.0.0,localport=5400]!
2019.06.15 20:56:05.497 INFO  Server.Server - Server's Strategy: ServerStrategySolveSearchProblem
2019.06.15 20:56:05.497 INFO  Server.Server - Server's Strategy: ServerStrategyGenerateMaze
2019.06.15 20:56:05.498 INFO  Server.Server - Server is waiting for clients...
2019.06.15 20:56:05.498 INFO  Server.Server - Server is waiting for clients...
2019.06.15 20:56:06.498 DEBUG Server.Server - Socket Timeout - No clients are waiting!
2019.06.15 20:56:06.499 DEBUG Server.Server - Socket Timeout - No clients are waiting!
2019.06.15 20:56:07.498 DEBUG Server.Server - Socket Timeout - No clients are waiting!
2019.06.15 20:56:07.499 DEBUG Server.Server - Socket Timeout - No clients are waiting!
2019.06.15 20:56:08.499 DEBUG Server.Server - Socket Timeout - No clients are waiting!
2019.06.15 20:56:08.500 DEBUG Server.Server - Socket Timeout - No clients are waiting!
2019.06.15 20:56:09.499 DEBUG Server.Server - Socket Timeout - No clients are waiting!
2019.06.15 20:56:09.500 DEBUG Server.Server - Socket Timeout - No clients are waiting!
2019.06.15 20:56:09.861 INFO  Server.Server - Client excepted: Socket[addr=/169.254.180.107,port=61795,localport=5400]
2019.06.15 20:56:10.501 DEBUG Server.Server - Socket Timeout - No clients are waiting!
2019.06.15 20:56:10.863 DEBUG Server.Server - Socket Timeout - No clients are waiting!
2019.06.15 20:56:11.502 DEBUG Server.Server - Socket Timeout - No clients are waiting!
2019.06.15 20:56:11.864 DEBUG Server.Server - Socket Timeout - No clients are waiting!
2019.06.15 20:56:12.502 DEBUG Server.Server - Socket Timeout - No clients are waiting!
2019.06.15 20:56:12.865 DEBUG Server.Server - Socket Timeout - No clients are waiting!
2019.06.15 20:56:13.503 DEBUG Server.Server - Socket Timeout - No clients are waiting!
2019.06.15 20:56:13.519 INFO  Server.Server - Stopping server..
2019.06.15 20:56:13.519 INFO  Server.Server - Stopping server..
2019.06.16 16:42:19.139 INFO  Server.Server - Server starter at ServerSocket[addr=0.0.0.0/0.0.0.0,localport=5400]!
2019.06.16 16:42:19.133 INFO  Server.Server - Server starter at ServerSocket[addr=0.0.0.0/0.0.0.0,localport=5401]!
2019.06.16 16:42:19.143 INFO  Server.Server - Server's Strategy: ServerStrategyGenerateMaze
2019.06.16 16:42:19.143 INFO  Server.Server - Server's Strategy: ServerStrategySolveSearchProblem
2019.06.16 16:42:19.143 INFO  Server.Server - Server is waiting for clients...
2019.06.16 16:42:19.143 INFO  Server.Server - Server is waiting for clients...
2019.06.16 16:42:20.144 DEBUG Server.Server - Socket Timeout - No clients are waiting!
2019.06.16 16:42:20.144 DEBUG Server.Server - Socket Timeout - No clients are waiting!
2019.06.16 16:42:21.154 DEBUG Server.Server - Socket Timeout - No clients are waiting!
2019.06.16 16:42:21.154 DEBUG Server.Server - Socket Timeout - No clients are waiting!
2019.06.16 16:42:22.156 DEBUG Server.Server - Socket Timeout - No clients are waiting!
2019.06.16 16:42:22.156 DEBUG Server.Server - Socket Timeout - No clients are waiting!
2019.06.16 16:42:23.156 DEBUG Server.Server - Socket Timeout - No clients are waiting!
2019.06.16 16:42:23.156 DEBUG Server.Server - Socket Timeout - No clients are waiting!
2019.06.16 16:42:23.270 INFO  Server.Server - Client excepted: Socket[addr=/192.168.245.74,port=49586,localport=5400]
2019.06.16 16:42:24.159 DEBUG Server.Server - Socket Timeout - No clients are waiting!
2019.06.16 16:42:24.272 DEBUG Server.Server - Socket Timeout - No clients are waiting!
2019.06.16 16:42:25.161 DEBUG Server.Server - Socket Timeout - No clients are waiting!
2019.06.16 16:42:25.288 DEBUG Server.Server - Socket Timeout - No clients are waiting!
2019.06.16 16:42:26.162 DEBUG Server.Server - Socket Timeout - No clients are waiting!
2019.06.16 16:42:26.290 DEBUG Server.Server - Socket Timeout - No clients are waiting!
2019.06.16 16:42:27.164 DEBUG Server.Server - Socket Timeout - No clients are waiting!
2019.06.16 16:42:27.290 DEBUG Server.Server - Socket Timeout - No clients are waiting!
2019.06.16 16:42:28.165 DEBUG Server.Server - Socket Timeout - No clients are waiting!
2019.06.16 16:42:28.290 DEBUG Server.Server - Socket Timeout - No clients are waiting!
2019.06.16 16:42:29.168 DEBUG Server.Server - Socket Timeout - No clients are waiting!
2019.06.16 16:42:29.291 DEBUG Server.Server - Socket Timeout - No clients are waiting!
2019.06.16 16:42:30.168 DEBUG Server.Server - Socket Timeout - No clients are waiting!
2019.06.16 16:42:30.293 DEBUG Server.Server - Socket Timeout - No clients are waiting!
2019.06.16 16:42:31.173 DEBUG Server.Server - Socket Timeout - No clients are waiting!
2019.06.16 16:42:31.355 DEBUG Server.Server - Socket Timeout - No clients are waiting!
2019.06.16 16:42:31.359 INFO  Server.Server - Client excepted: Socket[addr=/192.168.245.74,port=49587,localport=5401]
2019.06.16 16:42:32.358 DEBUG Server.Server - Socket Timeout - No clients are waiting!
2019.06.16 16:42:32.363 DEBUG Server.Server - Socket Timeout - No clients are waiting!
2019.06.16 16:42:33.359 DEBUG Server.Server - Socket Timeout - No clients are waiting!
2019.06.16 16:42:33.366 DEBUG Server.Server - Socket Timeout - No clients are waiting!
2019.06.16 16:42:34.360 DEBUG Server.Server - Socket Timeout - No clients are waiting!
2019.06.16 16:42:34.367 DEBUG Server.Server - Socket Timeout - No clients are waiting!
2019.06.16 16:42:35.361 DEBUG Server.Server - Socket Timeout - No clients are waiting!
2019.06.16 16:42:35.368 DEBUG Server.Server - Socket Timeout - No clients are waiting!
2019.06.16 16:42:36.362 DEBUG Server.Server - Socket Timeout - No clients are waiting!
2019.06.16 16:42:36.369 DEBUG Server.Server - Socket Timeout - No clients are waiting!
2019.06.16 16:42:37.364 DEBUG Server.Server - Socket Timeout - No clients are waiting!
2019.06.16 16:42:37.377 DEBUG Server.Server - Socket Timeout - No clients are waiting!
2019.06.16 16:42:38.365 DEBUG Server.Server - Socket Timeout - No clients are waiting!
2019.06.16 16:42:38.378 DEBUG Server.Server - Socket Timeout - No clients are waiting!
2019.06.16 16:42:39.375 DEBUG Server.Server - Socket Timeout - No clients are waiting!
2019.06.16 16:42:39.381 DEBUG Server.Server - Socket Timeout - No clients are waiting!
2019.06.16 16:42:40.375 DEBUG Server.Server - Socket Timeout - No clients are waiting!
2019.06.16 16:42:40.382 DEBUG Server.Server - Socket Timeout - No clients are waiting!
2019.06.16 16:42:41.376 DEBUG Server.Server - Socket Timeout - No clients are waiting!
2019.06.16 16:42:41.382 DEBUG Server.Server - Socket Timeout - No clients are waiting!
2019.06.16 16:42:42.363 INFO  Server.Server - Stopping server..
2019.06.16 16:42:42.364 INFO  Server.Server - Stopping server..
2019.06.16 16:42:42.377 DEBUG Server.Server - Socket Timeout - No clients are waiting!
2019.06.16 16:43:43.920 INFO  Server.Server - Server starter at ServerSocket[addr=0.0.0.0/0.0.0.0,localport=5401]!
2019.06.16 16:43:43.914 INFO  Server.Server - Server starter at ServerSocket[addr=0.0.0.0/0.0.0.0,localport=5400]!
2019.06.16 16:43:43.923 INFO  Server.Server - Server's Strategy: ServerStrategyGenerateMaze
2019.06.16 16:43:43.923 INFO  Server.Server - Server's Strategy: ServerStrategySolveSearchProblem
2019.06.16 16:43:43.923 INFO  Server.Server - Server is waiting for clients...
2019.06.16 16:43:43.923 INFO  Server.Server - Server is waiting for clients...
2019.06.16 16:43:44.960 DEBUG Server.Server - Socket Timeout - No clients are waiting!
2019.06.16 16:43:44.961 DEBUG Server.Server - Socket Timeout - No clients are waiting!
2019.06.16 16:43:45.962 DEBUG Server.Server - Socket Timeout - No clients are waiting!
2019.06.16 16:43:45.963 DEBUG Server.Server - Socket Timeout - No clients are waiting!
2019.06.16 16:43:46.306 INFO  Server.Server - Client excepted: Socket[addr=/192.168.245.74,port=49590,localport=5400]
2019.06.16 16:43:46.964 DEBUG Server.Server - Socket Timeout - No clients are waiting!
2019.06.16 16:43:47.308 DEBUG Server.Server - Socket Timeout - No clients are waiting!
2019.06.16 16:43:47.964 DEBUG Server.Server - Socket Timeout - No clients are waiting!
2019.06.16 16:43:48.286 INFO  Server.Server - Client excepted: Socket[addr=/192.168.245.74,port=49591,localport=5401]
2019.06.16 16:43:48.308 DEBUG Server.Server - Socket Timeout - No clients are waiting!
2019.06.16 16:43:49.289 DEBUG Server.Server - Socket Timeout - No clients are waiting!
2019.06.16 16:43:49.311 DEBUG Server.Server - Socket Timeout - No clients are waiting!
2019.06.16 16:43:50.290 DEBUG Server.Server - Socket Timeout - No clients are waiting!
2019.06.16 16:43:50.314 DEBUG Server.Server - Socket Timeout - No clients are waiting!
2019.06.16 16:43:51.292 DEBUG Server.Server - Socket Timeout - No clients are waiting!
2019.06.16 16:43:51.317 DEBUG Server.Server - Socket Timeout - No clients are waiting!
2019.06.16 16:43:52.293 DEBUG Server.Server - Socket Timeout - No clients are waiting!
2019.06.16 16:43:52.318 DEBUG Server.Server - Socket Timeout - No clients are waiting!
2019.06.16 16:43:52.349 INFO  Server.Server - Stopping server..
2019.06.16 16:43:52.351 INFO  Server.Server - Stopping server..
2019.06.18 12:13:30.972 INFO  Server.Server - Server starter at ServerSocket[addr=0.0.0.0/0.0.0.0,localport=5400]!
2019.06.18 12:13:30.972 INFO  Server.Server - Server starter at ServerSocket[addr=0.0.0.0/0.0.0.0,localport=5401]!
2019.06.18 12:13:30.976 INFO  Server.Server - Server's Strategy: ServerStrategySolveSearchProblem
2019.06.18 12:13:30.976 INFO  Server.Server - Server's Strategy: ServerStrategyGenerateMaze
2019.06.18 12:13:30.976 INFO  Server.Server - Server is waiting for clients...
2019.06.18 12:13:30.976 INFO  Server.Server - Server is waiting for clients...
2019.06.18 12:13:31.977 DEBUG Server.Server - Socket Timeout - No clients are waiting!
2019.06.18 12:13:31.978 DEBUG Server.Server - Socket Timeout - No clients are waiting!
2019.06.18 12:13:32.977 DEBUG Server.Server - Socket Timeout - No clients are waiting!
2019.06.18 12:13:32.979 DEBUG Server.Server - Socket Timeout - No clients are waiting!
2019.06.18 12:13:33.978 DEBUG Server.Server - Socket Timeout - No clients are waiting!
2019.06.18 12:13:33.980 DEBUG Server.Server - Socket Timeout - No clients are waiting!
2019.06.18 12:13:34.978 DEBUG Server.Server - Socket Timeout - No clients are waiting!
2019.06.18 12:13:34.980 DEBUG Server.Server - Socket Timeout - No clients are waiting!
2019.06.18 12:13:35.978 DEBUG Server.Server - Socket Timeout - No clients are waiting!
2019.06.18 12:13:35.980 DEBUG Server.Server - Socket Timeout - No clients are waiting!
2019.06.18 12:13:36.034 INFO  Server.Server - Client excepted: Socket[addr=/169.254.180.107,port=56101,localport=5400]
2019.06.18 12:13:36.979 DEBUG Server.Server - Socket Timeout - No clients are waiting!
2019.06.18 12:13:37.035 DEBUG Server.Server - Socket Timeout - No clients are waiting!
2019.06.18 12:13:37.979 DEBUG Server.Server - Socket Timeout - No clients are waiting!
2019.06.18 12:13:38.036 DEBUG Server.Server - Socket Timeout - No clients are waiting!
2019.06.18 12:13:38.980 DEBUG Server.Server - Socket Timeout - No clients are waiting!
2019.06.18 12:13:39.037 DEBUG Server.Server - Socket Timeout - No clients are waiting!
2019.06.18 12:13:39.980 DEBUG Server.Server - Socket Timeout - No clients are waiting!
2019.06.18 12:13:40.037 DEBUG Server.Server - Socket Timeout - No clients are waiting!
2019.06.18 12:13:40.981 DEBUG Server.Server - Socket Timeout - No clients are waiting!
2019.06.18 12:13:41.038 DEBUG Server.Server - Socket Timeout - No clients are waiting!
2019.06.18 12:13:41.982 DEBUG Server.Server - Socket Timeout - No clients are waiting!
2019.06.18 12:13:42.039 DEBUG Server.Server - Socket Timeout - No clients are waiting!
2019.06.18 12:13:42.982 DEBUG Server.Server - Socket Timeout - No clients are waiting!
2019.06.18 12:13:43.039 DEBUG Server.Server - Socket Timeout - No clients are waiting!
2019.06.18 12:13:43.982 DEBUG Server.Server - Socket Timeout - No clients are waiting!
2019.06.18 12:13:44.039 DEBUG Server.Server - Socket Timeout - No clients are waiting!
2019.06.18 12:13:44.983 DEBUG Server.Server - Socket Timeout - No clients are waiting!
2019.06.18 12:13:45.040 DEBUG Server.Server - Socket Timeout - No clients are waiting!
2019.06.18 12:13:45.983 DEBUG Server.Server - Socket Timeout - No clients are waiting!
2019.06.18 12:13:46.040 DEBUG Server.Server - Socket Timeout - No clients are waiting!
2019.06.18 12:13:46.984 DEBUG Server.Server - Socket Timeout - No clients are waiting!
2019.06.18 12:13:47.041 DEBUG Server.Server - Socket Timeout - No clients are waiting!
2019.06.18 12:13:47.780 INFO  Server.Server - Client excepted: Socket[addr=/169.254.180.107,port=56109,localport=5401]
2019.06.18 12:13:48.042 DEBUG Server.Server - Socket Timeout - No clients are waiting!
2019.06.18 12:13:48.782 DEBUG Server.Server - Socket Timeout - No clients are waiting!
2019.06.18 12:13:49.042 DEBUG Server.Server - Socket Timeout - No clients are waiting!
2019.06.18 12:13:49.783 DEBUG Server.Server - Socket Timeout - No clients are waiting!
2019.06.18 12:13:50.042 DEBUG Server.Server - Socket Timeout - No clients are waiting!
2019.06.18 12:13:50.783 DEBUG Server.Server - Socket Timeout - No clients are waiting!
2019.06.18 12:13:51.044 DEBUG Server.Server - Socket Timeout - No clients are waiting!
2019.06.18 12:13:51.784 DEBUG Server.Server - Socket Timeout - No clients are waiting!
2019.06.18 12:13:52.045 DEBUG Server.Server - Socket Timeout - No clients are waiting!
2019.06.18 12:13:52.784 DEBUG Server.Server - Socket Timeout - No clients are waiting!
2019.06.18 12:13:53.045 DEBUG Server.Server - Socket Timeout - No clients are waiting!
2019.06.18 12:13:53.785 DEBUG Server.Server - Socket Timeout - No clients are waiting!
2019.06.18 12:13:54.046 DEBUG Server.Server - Socket Timeout - No clients are waiting!
2019.06.18 12:13:54.785 DEBUG Server.Server - Socket Timeout - No clients are waiting!
2019.06.18 12:13:55.046 DEBUG Server.Server - Socket Timeout - No clients are waiting!
2019.06.18 12:13:55.785 DEBUG Server.Server - Socket Timeout - No clients are waiting!
2019.06.18 12:13:56.046 DEBUG Server.Server - Socket Timeout - No clients are waiting!
2019.06.18 12:13:56.785 DEBUG Server.Server - Socket Timeout - No clients are waiting!
2019.06.18 12:13:57.047 DEBUG Server.Server - Socket Timeout - No clients are waiting!
2019.06.18 12:13:57.787 DEBUG Server.Server - Socket Timeout - No clients are waiting!
2019.06.18 12:13:58.047 DEBUG Server.Server - Socket Timeout - No clients are waiting!
2019.06.18 12:13:58.787 DEBUG Server.Server - Socket Timeout - No clients are waiting!
2019.06.18 12:13:59.048 DEBUG Server.Server - Socket Timeout - No clients are waiting!
2019.06.18 12:13:59.756 INFO  Server.Server - Client excepted: Socket[addr=/169.254.180.107,port=56132,localport=5400]
2019.06.18 12:13:59.788 DEBUG Server.Server - Socket Timeout - No clients are waiting!
2019.06.18 12:14:00.758 DEBUG Server.Server - Socket Timeout - No clients are waiting!
2019.06.18 12:14:00.789 DEBUG Server.Server - Socket Timeout - No clients are waiting!
2019.06.18 12:14:01.758 DEBUG Server.Server - Socket Timeout - No clients are waiting!
2019.06.18 12:14:01.790 DEBUG Server.Server - Socket Timeout - No clients are waiting!
2019.06.18 12:14:02.758 DEBUG Server.Server - Socket Timeout - No clients are waiting!
2019.06.18 12:14:02.790 DEBUG Server.Server - Socket Timeout - No clients are waiting!
2019.06.18 12:14:03.759 DEBUG Server.Server - Socket Timeout - No clients are waiting!
2019.06.18 12:14:03.790 DEBUG Server.Server - Socket Timeout - No clients are waiting!
2019.06.18 12:14:04.760 DEBUG Server.Server - Socket Timeout - No clients are waiting!
2019.06.18 12:14:04.791 DEBUG Server.Server - Socket Timeout - No clients are waiting!
2019.06.18 12:14:05.763 DEBUG Server.Server - Socket Timeout - No clients are waiting!
2019.06.18 12:14:05.792 DEBUG Server.Server - Socket Timeout - No clients are waiting!
2019.06.18 12:14:06.764 DEBUG Server.Server - Socket Timeout - No clients are waiting!
2019.06.18 12:14:06.792 DEBUG Server.Server - Socket Timeout - No clients are waiting!
2019.06.18 12:14:07.764 DEBUG Server.Server - Socket Timeout - No clients are waiting!
2019.06.18 12:14:07.792 DEBUG Server.Server - Socket Timeout - No clients are waiting!
2019.06.18 12:14:08.765 DEBUG Server.Server - Socket Timeout - No clients are waiting!
2019.06.18 12:14:08.793 DEBUG Server.Server - Socket Timeout - No clients are waiting!
2019.06.18 12:14:09.766 DEBUG Server.Server - Socket Timeout - No clients are waiting!
2019.06.18 12:14:09.794 DEBUG Server.Server - Socket Timeout - No clients are waiting!
2019.06.18 12:14:10.767 DEBUG Server.Server - Socket Timeout - No clients are waiting!
2019.06.18 12:14:10.795 DEBUG Server.Server - Socket Timeout - No clients are waiting!
2019.06.18 12:14:11.767 DEBUG Server.Server - Socket Timeout - No clients are waiting!
2019.06.18 12:14:11.795 DEBUG Server.Server - Socket Timeout - No clients are waiting!
2019.06.18 12:14:12.767 DEBUG Server.Server - Socket Timeout - No clients are waiting!
2019.06.18 12:14:12.795 DEBUG Server.Server - Socket Timeout - No clients are waiting!
2019.06.18 12:14:13.768 DEBUG Server.Server - Socket Timeout - No clients are waiting!
2019.06.18 12:14:13.796 DEBUG Server.Server - Socket Timeout - No clients are waiting!
2019.06.18 12:14:14.769 DEBUG Server.Server - Socket Timeout - No clients are waiting!
2019.06.18 12:14:14.797 DEBUG Server.Server - Socket Timeout - No clients are waiting!
2019.06.18 12:14:15.769 DEBUG Server.Server - Socket Timeout - No clients are waiting!
2019.06.18 12:14:15.798 DEBUG Server.Server - Socket Timeout - No clients are waiting!
2019.06.18 12:14:16.737 INFO  Server.Server - Client excepted: Socket[addr=/169.254.180.107,port=56175,localport=5400]
2019.06.18 12:14:16.799 DEBUG Server.Server - Socket Timeout - No clients are waiting!
2019.06.18 12:14:17.737 DEBUG Server.Server - Socket Timeout - No clients are waiting!
2019.06.18 12:14:17.799 DEBUG Server.Server - Socket Timeout - No clients are waiting!
2019.06.18 12:14:18.738 DEBUG Server.Server - Socket Timeout - No clients are waiting!
2019.06.18 12:14:18.800 DEBUG Server.Server - Socket Timeout - No clients are waiting!
2019.06.18 12:14:19.740 DEBUG Server.Server - Socket Timeout - No clients are waiting!
2019.06.18 12:14:19.801 DEBUG Server.Server - Socket Timeout - No clients are waiting!
2019.06.18 12:14:20.740 DEBUG Server.Server - Socket Timeout - No clients are waiting!
2019.06.18 12:14:20.802 DEBUG Server.Server - Socket Timeout - No clients are waiting!
2019.06.18 12:14:21.741 DEBUG Server.Server - Socket Timeout - No clients are waiting!
2019.06.18 12:14:21.804 DEBUG Server.Server - Socket Timeout - No clients are waiting!
2019.06.18 12:14:22.743 DEBUG Server.Server - Socket Timeout - No clients are waiting!
2019.06.18 12:14:22.805 DEBUG Server.Server - Socket Timeout - No clients are waiting!
2019.06.18 12:14:23.744 DEBUG Server.Server - Socket Timeout - No clients are waiting!
2019.06.18 12:14:23.805 DEBUG Server.Server - Socket Timeout - No clients are waiting!
2019.06.18 12:14:24.745 DEBUG Server.Server - Socket Timeout - No clients are waiting!
2019.06.18 12:14:24.805 DEBUG Server.Server - Socket Timeout - No clients are waiting!
2019.06.18 12:14:25.745 DEBUG Server.Server - Socket Timeout - No clients are waiting!
2019.06.18 12:14:25.807 DEBUG Server.Server - Socket Timeout - No clients are waiting!
2019.06.18 12:14:26.746 DEBUG Server.Server - Socket Timeout - No clients are waiting!
2019.06.18 12:14:26.807 DEBUG Server.Server - Socket Timeout - No clients are waiting!
2019.06.18 12:14:27.746 DEBUG Server.Server - Socket Timeout - No clients are waiting!
2019.06.18 12:14:27.808 DEBUG Server.Server - Socket Timeout - No clients are waiting!
2019.06.18 12:14:28.749 DEBUG Server.Server - Socket Timeout - No clients are waiting!
2019.06.18 12:14:28.809 DEBUG Server.Server - Socket Timeout - No clients are waiting!
2019.06.18 12:14:29.749 DEBUG Server.Server - Socket Timeout - No clients are waiting!
2019.06.18 12:14:29.809 DEBUG Server.Server - Socket Timeout - No clients are waiting!
2019.06.18 12:14:30.749 DEBUG Server.Server - Socket Timeout - No clients are waiting!
2019.06.18 12:14:30.809 DEBUG Server.Server - Socket Timeout - No clients are waiting!
2019.06.18 12:14:31.750 DEBUG Server.Server - Socket Timeout - No clients are waiting!
2019.06.18 12:14:31.810 DEBUG Server.Server - Socket Timeout - No clients are waiting!
2019.06.18 12:14:32.750 DEBUG Server.Server - Socket Timeout - No clients are waiting!
2019.06.18 12:14:32.810 DEBUG Server.Server - Socket Timeout - No clients are waiting!
2019.06.18 12:14:33.752 DEBUG Server.Server - Socket Timeout - No clients are waiting!
2019.06.18 12:14:33.853 DEBUG Server.Server - Socket Timeout - No clients are waiting!
2019.06.18 12:14:34.753 DEBUG Server.Server - Socket Timeout - No clients are waiting!
2019.06.18 12:14:34.855 DEBUG Server.Server - Socket Timeout - No clients are waiting!
2019.06.18 12:14:35.754 DEBUG Server.Server - Socket Timeout - No clients are waiting!
2019.06.18 12:14:35.857 DEBUG Server.Server - Socket Timeout - No clients are waiting!
2019.06.18 12:14:36.754 DEBUG Server.Server - Socket Timeout - No clients are waiting!
2019.06.18 12:14:36.858 DEBUG Server.Server - Socket Timeout - No clients are waiting!
2019.06.18 12:14:37.756 DEBUG Server.Server - Socket Timeout - No clients are waiting!
2019.06.18 12:14:37.859 DEBUG Server.Server - Socket Timeout - No clients are waiting!
2019.06.18 12:14:38.756 DEBUG Server.Server - Socket Timeout - No clients are waiting!
2019.06.18 12:14:38.859 DEBUG Server.Server - Socket Timeout - No clients are waiting!
2019.06.18 12:14:39.757 DEBUG Server.Server - Socket Timeout - No clients are waiting!
2019.06.18 12:14:39.859 DEBUG Server.Server - Socket Timeout - No clients are waiting!
2019.06.18 12:14:40.757 DEBUG Server.Server - Socket Timeout - No clients are waiting!
2019.06.18 12:14:40.860 DEBUG Server.Server - Socket Timeout - No clients are waiting!
2019.06.18 12:14:41.757 DEBUG Server.Server - Socket Timeout - No clients are waiting!
2019.06.18 12:14:41.860 DEBUG Server.Server - Socket Timeout - No clients are waiting!
2019.06.18 12:14:42.121 INFO  Server.Server - Stopping server..
2019.06.18 12:14:42.121 INFO  Server.Server - Stopping server..
2019.06.18 12:52:25.662 INFO  Server.Server - Server starter at ServerSocket[addr=0.0.0.0/0.0.0.0,localport=5401]!
2019.06.18 12:52:25.662 INFO  Server.Server - Server starter at ServerSocket[addr=0.0.0.0/0.0.0.0,localport=5400]!
2019.06.18 12:52:25.667 INFO  Server.Server - Server's Strategy: ServerStrategyGenerateMaze
2019.06.18 12:52:25.667 INFO  Server.Server - Server is waiting for clients...
2019.06.18 12:52:25.666 INFO  Server.Server - Server's Strategy: ServerStrategySolveSearchProblem
2019.06.18 12:52:25.667 INFO  Server.Server - Server is waiting for clients...
2019.06.18 12:52:26.667 DEBUG Server.Server - Socket Timeout - No clients are waiting!
2019.06.18 12:52:26.668 DEBUG Server.Server - Socket Timeout - No clients are waiting!
2019.06.18 12:52:27.667 DEBUG Server.Server - Socket Timeout - No clients are waiting!
2019.06.18 12:52:27.668 DEBUG Server.Server - Socket Timeout - No clients are waiting!
2019.06.18 12:52:28.668 DEBUG Server.Server - Socket Timeout - No clients are waiting!
2019.06.18 12:52:28.669 DEBUG Server.Server - Socket Timeout - No clients are waiting!
2019.06.18 12:52:29.668 DEBUG Server.Server - Socket Timeout - No clients are waiting!
2019.06.18 12:52:29.669 DEBUG Server.Server - Socket Timeout - No clients are waiting!
2019.06.18 12:52:30.669 DEBUG Server.Server - Socket Timeout - No clients are waiting!
2019.06.18 12:52:30.670 DEBUG Server.Server - Socket Timeout - No clients are waiting!
2019.06.18 12:52:31.570 INFO  Server.Server - Client excepted: Socket[addr=/169.254.180.107,port=56484,localport=5400]
2019.06.18 12:52:31.671 DEBUG Server.Server - Socket Timeout - No clients are waiting!
2019.06.18 12:52:32.572 DEBUG Server.Server - Socket Timeout - No clients are waiting!
2019.06.18 12:52:32.671 DEBUG Server.Server - Socket Timeout - No clients are waiting!
2019.06.18 12:52:33.572 DEBUG Server.Server - Socket Timeout - No clients are waiting!
2019.06.18 12:52:33.672 DEBUG Server.Server - Socket Timeout - No clients are waiting!
2019.06.18 12:52:34.572 DEBUG Server.Server - Socket Timeout - No clients are waiting!
2019.06.18 12:52:34.672 DEBUG Server.Server - Socket Timeout - No clients are waiting!
2019.06.18 12:52:35.572 DEBUG Server.Server - Socket Timeout - No clients are waiting!
2019.06.18 12:52:35.673 DEBUG Server.Server - Socket Timeout - No clients are waiting!
2019.06.18 12:52:36.573 DEBUG Server.Server - Socket Timeout - No clients are waiting!
2019.06.18 12:52:36.673 DEBUG Server.Server - Socket Timeout - No clients are waiting!
2019.06.18 12:52:37.574 DEBUG Server.Server - Socket Timeout - No clients are waiting!
2019.06.18 12:52:37.673 DEBUG Server.Server - Socket Timeout - No clients are waiting!
2019.06.18 12:52:38.574 DEBUG Server.Server - Socket Timeout - No clients are waiting!
2019.06.18 12:52:38.673 DEBUG Server.Server - Socket Timeout - No clients are waiting!
2019.06.18 12:52:39.574 DEBUG Server.Server - Socket Timeout - No clients are waiting!
2019.06.18 12:52:39.674 DEBUG Server.Server - Socket Timeout - No clients are waiting!
2019.06.18 12:52:40.574 DEBUG Server.Server - Socket Timeout - No clients are waiting!
2019.06.18 12:52:40.674 DEBUG Server.Server - Socket Timeout - No clients are waiting!
2019.06.18 12:52:41.575 DEBUG Server.Server - Socket Timeout - No clients are waiting!
2019.06.18 12:52:41.675 DEBUG Server.Server - Socket Timeout - No clients are waiting!
2019.06.18 12:52:42.575 DEBUG Server.Server - Socket Timeout - No clients are waiting!
2019.06.18 12:52:42.676 DEBUG Server.Server - Socket Timeout - No clients are waiting!
2019.06.18 12:52:43.575 DEBUG Server.Server - Socket Timeout - No clients are waiting!
2019.06.18 12:52:43.676 DEBUG Server.Server - Socket Timeout - No clients are waiting!
2019.06.18 12:52:44.576 DEBUG Server.Server - Socket Timeout - No clients are waiting!
2019.06.18 12:52:44.677 DEBUG Server.Server - Socket Timeout - No clients are waiting!
2019.06.18 12:52:45.576 DEBUG Server.Server - Socket Timeout - No clients are waiting!
2019.06.18 12:52:45.677 DEBUG Server.Server - Socket Timeout - No clients are waiting!
2019.06.18 12:52:46.577 DEBUG Server.Server - Socket Timeout - No clients are waiting!
2019.06.18 12:52:46.678 DEBUG Server.Server - Socket Timeout - No clients are waiting!
2019.06.18 12:52:47.577 DEBUG Server.Server - Socket Timeout - No clients are waiting!
2019.06.18 12:52:47.678 DEBUG Server.Server - Socket Timeout - No clients are waiting!
2019.06.18 12:52:48.577 DEBUG Server.Server - Socket Timeout - No clients are waiting!
2019.06.18 12:52:48.680 DEBUG Server.Server - Socket Timeout - No clients are waiting!
2019.06.18 12:52:49.578 DEBUG Server.Server - Socket Timeout - No clients are waiting!
2019.06.18 12:52:49.680 DEBUG Server.Server - Socket Timeout - No clients are waiting!
2019.06.18 12:52:50.579 DEBUG Server.Server - Socket Timeout - No clients are waiting!
2019.06.18 12:52:50.680 DEBUG Server.Server - Socket Timeout - No clients are waiting!
2019.06.18 12:52:51.579 DEBUG Server.Server - Socket Timeout - No clients are waiting!
2019.06.18 12:52:51.681 DEBUG Server.Server - Socket Timeout - No clients are waiting!
2019.06.18 12:52:52.579 DEBUG Server.Server - Socket Timeout - No clients are waiting!
2019.06.18 12:52:52.681 DEBUG Server.Server - Socket Timeout - No clients are waiting!
2019.06.18 12:52:53.039 INFO  Server.Server - Client excepted: Socket[addr=/169.254.180.107,port=56533,localport=5401]
2019.06.18 12:52:53.579 DEBUG Server.Server - Socket Timeout - No clients are waiting!
2019.06.18 12:52:54.039 DEBUG Server.Server - Socket Timeout - No clients are waiting!
2019.06.18 12:52:54.580 DEBUG Server.Server - Socket Timeout - No clients are waiting!
2019.06.18 12:52:55.039 DEBUG Server.Server - Socket Timeout - No clients are waiting!
2019.06.18 12:52:55.580 DEBUG Server.Server - Socket Timeout - No clients are waiting!
2019.06.18 12:52:56.040 DEBUG Server.Server - Socket Timeout - No clients are waiting!
2019.06.18 12:52:56.581 DEBUG Server.Server - Socket Timeout - No clients are waiting!
2019.06.18 12:52:57.040 DEBUG Server.Server - Socket Timeout - No clients are waiting!
2019.06.18 12:52:57.581 DEBUG Server.Server - Socket Timeout - No clients are waiting!
2019.06.18 12:52:58.041 DEBUG Server.Server - Socket Timeout - No clients are waiting!
2019.06.18 12:52:58.582 DEBUG Server.Server - Socket Timeout - No clients are waiting!
2019.06.18 12:52:59.041 DEBUG Server.Server - Socket Timeout - No clients are waiting!
2019.06.18 12:52:59.582 DEBUG Server.Server - Socket Timeout - No clients are waiting!
2019.06.18 12:53:00.042 DEBUG Server.Server - Socket Timeout - No clients are waiting!
2019.06.18 12:53:00.583 DEBUG Server.Server - Socket Timeout - No clients are waiting!
2019.06.18 12:53:01.042 DEBUG Server.Server - Socket Timeout - No clients are waiting!
2019.06.18 12:53:01.583 DEBUG Server.Server - Socket Timeout - No clients are waiting!
2019.06.18 12:53:02.042 DEBUG Server.Server - Socket Timeout - No clients are waiting!
2019.06.18 12:53:02.584 DEBUG Server.Server - Socket Timeout - No clients are waiting!
2019.06.18 12:53:03.044 DEBUG Server.Server - Socket Timeout - No clients are waiting!
2019.06.18 12:53:03.584 DEBUG Server.Server - Socket Timeout - No clients are waiting!
2019.06.18 12:53:04.044 DEBUG Server.Server - Socket Timeout - No clients are waiting!
2019.06.18 12:53:04.585 DEBUG Server.Server - Socket Timeout - No clients are waiting!
2019.06.18 12:53:05.044 DEBUG Server.Server - Socket Timeout - No clients are waiting!
2019.06.18 12:53:05.586 DEBUG Server.Server - Socket Timeout - No clients are waiting!
2019.06.18 12:53:06.045 DEBUG Server.Server - Socket Timeout - No clients are waiting!
2019.06.18 12:53:06.586 DEBUG Server.Server - Socket Timeout - No clients are waiting!
2019.06.18 12:53:07.046 DEBUG Server.Server - Socket Timeout - No clients are waiting!
2019.06.18 12:53:07.587 DEBUG Server.Server - Socket Timeout - No clients are waiting!
2019.06.18 12:53:08.046 DEBUG Server.Server - Socket Timeout - No clients are waiting!
2019.06.18 12:53:08.588 DEBUG Server.Server - Socket Timeout - No clients are waiting!
2019.06.18 12:53:09.046 DEBUG Server.Server - Socket Timeout - No clients are waiting!
2019.06.18 12:53:09.589 DEBUG Server.Server - Socket Timeout - No clients are waiting!
2019.06.18 12:53:10.047 DEBUG Server.Server - Socket Timeout - No clients are waiting!
2019.06.18 12:53:10.590 DEBUG Server.Server - Socket Timeout - No clients are waiting!
2019.06.18 12:53:11.048 DEBUG Server.Server - Socket Timeout - No clients are waiting!
2019.06.18 12:53:11.590 DEBUG Server.Server - Socket Timeout - No clients are waiting!
2019.06.18 12:53:12.049 DEBUG Server.Server - Socket Timeout - No clients are waiting!
2019.06.18 12:53:12.591 DEBUG Server.Server - Socket Timeout - No clients are waiting!
2019.06.18 12:53:13.050 DEBUG Server.Server - Socket Timeout - No clients are waiting!
2019.06.18 12:53:13.592 DEBUG Server.Server - Socket Timeout - No clients are waiting!
2019.06.18 12:53:14.051 DEBUG Server.Server - Socket Timeout - No clients are waiting!
2019.06.18 12:53:14.594 DEBUG Server.Server - Socket Timeout - No clients are waiting!
2019.06.18 12:53:15.054 DEBUG Server.Server - Socket Timeout - No clients are waiting!
2019.06.18 12:53:15.595 DEBUG Server.Server - Socket Timeout - No clients are waiting!
2019.06.18 12:53:16.055 DEBUG Server.Server - Socket Timeout - No clients are waiting!
2019.06.18 12:53:16.597 DEBUG Server.Server - Socket Timeout - No clients are waiting!
2019.06.18 12:53:17.057 DEBUG Server.Server - Socket Timeout - No clients are waiting!
2019.06.18 12:53:17.598 DEBUG Server.Server - Socket Timeout - No clients are waiting!
2019.06.18 12:53:18.057 DEBUG Server.Server - Socket Timeout - No clients are waiting!
2019.06.18 12:53:18.599 DEBUG Server.Server - Socket Timeout - No clients are waiting!
2019.06.18 12:53:19.058 DEBUG Server.Server - Socket Timeout - No clients are waiting!
2019.06.18 12:53:19.600 DEBUG Server.Server - Socket Timeout - No clients are waiting!
2019.06.18 12:53:20.058 DEBUG Server.Server - Socket Timeout - No clients are waiting!
2019.06.18 12:53:20.601 DEBUG Server.Server - Socket Timeout - No clients are waiting!
2019.06.18 12:53:21.060 DEBUG Server.Server - Socket Timeout - No clients are waiting!
2019.06.18 12:53:21.601 DEBUG Server.Server - Socket Timeout - No clients are waiting!
2019.06.18 12:53:22.062 DEBUG Server.Server - Socket Timeout - No clients are waiting!
2019.06.18 12:53:22.601 DEBUG Server.Server - Socket Timeout - No clients are waiting!
2019.06.18 12:53:23.062 DEBUG Server.Server - Socket Timeout - No clients are waiting!
2019.06.18 12:53:23.603 DEBUG Server.Server - Socket Timeout - No clients are waiting!
2019.06.18 12:53:24.064 DEBUG Server.Server - Socket Timeout - No clients are waiting!
2019.06.18 12:53:24.604 DEBUG Server.Server - Socket Timeout - No clients are waiting!
2019.06.18 12:53:25.064 DEBUG Server.Server - Socket Timeout - No clients are waiting!
2019.06.18 12:53:25.604 DEBUG Server.Server - Socket Timeout - No clients are waiting!
2019.06.18 12:53:26.066 DEBUG Server.Server - Socket Timeout - No clients are waiting!
2019.06.18 12:53:26.606 DEBUG Server.Server - Socket Timeout - No clients are waiting!
2019.06.18 12:53:27.066 DEBUG Server.Server - Socket Timeout - No clients are waiting!
2019.06.18 12:53:27.222 INFO  Server.Server - Client excepted: Socket[addr=/169.254.180.107,port=56534,localport=5400]
2019.06.18 12:53:28.067 DEBUG Server.Server - Socket Timeout - No clients are waiting!
2019.06.18 12:53:28.269 DEBUG Server.Server - Socket Timeout - No clients are waiting!
2019.06.18 12:53:29.068 DEBUG Server.Server - Socket Timeout - No clients are waiting!
2019.06.18 12:53:29.269 DEBUG Server.Server - Socket Timeout - No clients are waiting!
2019.06.18 12:53:30.069 DEBUG Server.Server - Socket Timeout - No clients are waiting!
2019.06.18 12:53:30.270 DEBUG Server.Server - Socket Timeout - No clients are waiting!
2019.06.18 12:53:31.069 DEBUG Server.Server - Socket Timeout - No clients are waiting!
2019.06.18 12:53:31.270 DEBUG Server.Server - Socket Timeout - No clients are waiting!
2019.06.18 12:53:32.072 DEBUG Server.Server - Socket Timeout - No clients are waiting!
2019.06.18 12:53:32.271 DEBUG Server.Server - Socket Timeout - No clients are waiting!
2019.06.18 12:53:33.072 DEBUG Server.Server - Socket Timeout - No clients are waiting!
2019.06.18 12:53:33.273 DEBUG Server.Server - Socket Timeout - No clients are waiting!
2019.06.18 12:53:34.072 DEBUG Server.Server - Socket Timeout - No clients are waiting!
2019.06.18 12:53:34.273 DEBUG Server.Server - Socket Timeout - No clients are waiting!
2019.06.18 12:53:35.073 DEBUG Server.Server - Socket Timeout - No clients are waiting!
2019.06.18 12:53:35.274 DEBUG Server.Server - Socket Timeout - No clients are waiting!
2019.06.18 12:53:36.075 DEBUG Server.Server - Socket Timeout - No clients are waiting!
2019.06.18 12:53:36.274 DEBUG Server.Server - Socket Timeout - No clients are waiting!
2019.06.18 12:53:37.076 DEBUG Server.Server - Socket Timeout - No clients are waiting!
2019.06.18 12:53:37.274 DEBUG Server.Server - Socket Timeout - No clients are waiting!
2019.06.18 12:53:38.077 DEBUG Server.Server - Socket Timeout - No clients are waiting!
2019.06.18 12:53:38.275 DEBUG Server.Server - Socket Timeout - No clients are waiting!
2019.06.18 12:53:39.079 DEBUG Server.Server - Socket Timeout - No clients are waiting!
2019.06.18 12:53:39.276 DEBUG Server.Server - Socket Timeout - No clients are waiting!
2019.06.18 12:53:40.080 DEBUG Server.Server - Socket Timeout - No clients are waiting!
2019.06.18 12:53:40.276 DEBUG Server.Server - Socket Timeout - No clients are waiting!
2019.06.18 12:53:41.081 DEBUG Server.Server - Socket Timeout - No clients are waiting!
2019.06.18 12:53:41.277 DEBUG Server.Server - Socket Timeout - No clients are waiting!
2019.06.18 12:53:42.083 DEBUG Server.Server - Socket Timeout - No clients are waiting!
2019.06.18 12:53:42.278 DEBUG Server.Server - Socket Timeout - No clients are waiting!
2019.06.18 12:53:43.083 DEBUG Server.Server - Socket Timeout - No clients are waiting!
2019.06.18 12:53:43.279 DEBUG Server.Server - Socket Timeout - No clients are waiting!
2019.06.18 12:53:44.084 DEBUG Server.Server - Socket Timeout - No clients are waiting!
2019.06.18 12:53:44.281 DEBUG Server.Server - Socket Timeout - No clients are waiting!
2019.06.18 12:53:45.084 DEBUG Server.Server - Socket Timeout - No clients are waiting!
2019.06.18 12:53:45.282 DEBUG Server.Server - Socket Timeout - No clients are waiting!
2019.06.18 12:53:46.086 DEBUG Server.Server - Socket Timeout - No clients are waiting!
2019.06.18 12:53:46.283 DEBUG Server.Server - Socket Timeout - No clients are waiting!
2019.06.18 12:53:47.086 DEBUG Server.Server - Socket Timeout - No clients are waiting!
2019.06.18 12:53:47.283 DEBUG Server.Server - Socket Timeout - No clients are waiting!
2019.06.18 12:53:48.087 DEBUG Server.Server - Socket Timeout - No clients are waiting!
2019.06.18 12:53:48.284 DEBUG Server.Server - Socket Timeout - No clients are waiting!
2019.06.18 12:53:48.807 INFO  Server.Server - Client excepted: Socket[addr=/169.254.180.107,port=56537,localport=5400]
2019.06.18 12:53:49.087 DEBUG Server.Server - Socket Timeout - No clients are waiting!
2019.06.18 12:53:49.808 DEBUG Server.Server - Socket Timeout - No clients are waiting!
2019.06.18 12:53:50.088 DEBUG Server.Server - Socket Timeout - No clients are waiting!
2019.06.18 12:53:50.809 DEBUG Server.Server - Socket Timeout - No clients are waiting!
2019.06.18 12:53:51.088 DEBUG Server.Server - Socket Timeout - No clients are waiting!
2019.06.18 12:53:51.810 DEBUG Server.Server - Socket Timeout - No clients are waiting!
2019.06.18 12:53:52.089 DEBUG Server.Server - Socket Timeout - No clients are waiting!
2019.06.18 12:53:52.811 DEBUG Server.Server - Socket Timeout - No clients are waiting!
2019.06.18 12:53:53.092 DEBUG Server.Server - Socket Timeout - No clients are waiting!
2019.06.18 12:53:53.811 DEBUG Server.Server - Socket Timeout - No clients are waiting!
2019.06.18 12:53:54.093 DEBUG Server.Server - Socket Timeout - No clients are waiting!
2019.06.18 12:53:54.812 DEBUG Server.Server - Socket Timeout - No clients are waiting!
2019.06.18 12:53:55.093 DEBUG Server.Server - Socket Timeout - No clients are waiting!
2019.06.18 12:53:55.813 DEBUG Server.Server - Socket Timeout - No clients are waiting!
2019.06.18 12:53:56.093 DEBUG Server.Server - Socket Timeout - No clients are waiting!
2019.06.18 12:53:56.814 DEBUG Server.Server - Socket Timeout - No clients are waiting!
2019.06.18 12:53:57.095 DEBUG Server.Server - Socket Timeout - No clients are waiting!
2019.06.18 12:53:57.816 DEBUG Server.Server - Socket Timeout - No clients are waiting!
2019.06.18 12:53:58.095 DEBUG Server.Server - Socket Timeout - No clients are waiting!
2019.06.18 12:53:58.816 DEBUG Server.Server - Socket Timeout - No clients are waiting!
2019.06.18 12:53:59.095 DEBUG Server.Server - Socket Timeout - No clients are waiting!
2019.06.18 12:53:59.818 DEBUG Server.Server - Socket Timeout - No clients are waiting!
2019.06.18 12:54:00.096 DEBUG Server.Server - Socket Timeout - No clients are waiting!
2019.06.18 12:54:00.819 DEBUG Server.Server - Socket Timeout - No clients are waiting!
2019.06.18 12:54:01.097 DEBUG Server.Server - Socket Timeout - No clients are waiting!
2019.06.18 12:54:01.820 DEBUG Server.Server - Socket Timeout - No clients are waiting!
2019.06.18 12:54:02.098 DEBUG Server.Server - Socket Timeout - No clients are waiting!
2019.06.18 12:54:02.820 DEBUG Server.Server - Socket Timeout - No clients are waiting!
2019.06.18 12:54:03.098 DEBUG Server.Server - Socket Timeout - No clients are waiting!
2019.06.18 12:54:03.821 DEBUG Server.Server - Socket Timeout - No clients are waiting!
2019.06.18 12:54:04.100 DEBUG Server.Server - Socket Timeout - No clients are waiting!
2019.06.18 12:54:04.822 DEBUG Server.Server - Socket Timeout - No clients are waiting!
2019.06.18 12:54:05.101 DEBUG Server.Server - Socket Timeout - No clients are waiting!
2019.06.18 12:54:05.822 DEBUG Server.Server - Socket Timeout - No clients are waiting!
2019.06.18 12:54:06.103 DEBUG Server.Server - Socket Timeout - No clients are waiting!
2019.06.18 12:54:06.823 DEBUG Server.Server - Socket Timeout - No clients are waiting!
2019.06.18 12:54:07.104 DEBUG Server.Server - Socket Timeout - No clients are waiting!
2019.06.18 12:54:07.824 DEBUG Server.Server - Socket Timeout - No clients are waiting!
2019.06.18 12:54:08.105 DEBUG Server.Server - Socket Timeout - No clients are waiting!
2019.06.18 12:54:08.825 DEBUG Server.Server - Socket Timeout - No clients are waiting!
2019.06.18 12:54:09.106 DEBUG Server.Server - Socket Timeout - No clients are waiting!
2019.06.18 12:54:09.825 DEBUG Server.Server - Socket Timeout - No clients are waiting!
2019.06.18 12:54:10.107 DEBUG Server.Server - Socket Timeout - No clients are waiting!
2019.06.18 12:54:10.826 DEBUG Server.Server - Socket Timeout - No clients are waiting!
2019.06.18 12:54:11.107 DEBUG Server.Server - Socket Timeout - No clients are waiting!
2019.06.18 12:54:11.827 DEBUG Server.Server - Socket Timeout - No clients are waiting!
2019.06.18 12:54:12.108 DEBUG Server.Server - Socket Timeout - No clients are waiting!
2019.06.18 12:54:12.828 DEBUG Server.Server - Socket Timeout - No clients are waiting!
2019.06.18 12:54:13.108 DEBUG Server.Server - Socket Timeout - No clients are waiting!
2019.06.18 12:54:13.830 DEBUG Server.Server - Socket Timeout - No clients are waiting!
2019.06.18 12:54:14.108 DEBUG Server.Server - Socket Timeout - No clients are waiting!
2019.06.18 12:54:14.831 DEBUG Server.Server - Socket Timeout - No clients are waiting!
2019.06.18 12:54:15.108 DEBUG Server.Server - Socket Timeout - No clients are waiting!
2019.06.18 12:54:15.832 DEBUG Server.Server - Socket Timeout - No clients are waiting!
2019.06.18 12:54:16.110 DEBUG Server.Server - Socket Timeout - No clients are waiting!
2019.06.18 12:54:16.834 DEBUG Server.Server - Socket Timeout - No clients are waiting!
2019.06.18 12:54:17.112 DEBUG Server.Server - Socket Timeout - No clients are waiting!
2019.06.18 12:54:17.834 DEBUG Server.Server - Socket Timeout - No clients are waiting!
2019.06.18 12:54:18.114 DEBUG Server.Server - Socket Timeout - No clients are waiting!
2019.06.18 12:54:18.836 DEBUG Server.Server - Socket Timeout - No clients are waiting!
2019.06.18 12:54:19.116 DEBUG Server.Server - Socket Timeout - No clients are waiting!
2019.06.18 12:54:19.837 DEBUG Server.Server - Socket Timeout - No clients are waiting!
2019.06.18 12:54:20.117 DEBUG Server.Server - Socket Timeout - No clients are waiting!
2019.06.18 12:54:20.838 DEBUG Server.Server - Socket Timeout - No clients are waiting!
2019.06.18 12:54:21.118 DEBUG Server.Server - Socket Timeout - No clients are waiting!
2019.06.18 12:54:21.839 DEBUG Server.Server - Socket Timeout - No clients are waiting!
2019.06.18 12:54:22.120 DEBUG Server.Server - Socket Timeout - No clients are waiting!
2019.06.18 12:54:22.839 DEBUG Server.Server - Socket Timeout - No clients are waiting!
2019.06.18 12:54:23.121 DEBUG Server.Server - Socket Timeout - No clients are waiting!
2019.06.18 12:54:23.841 DEBUG Server.Server - Socket Timeout - No clients are waiting!
2019.06.18 12:54:24.123 DEBUG Server.Server - Socket Timeout - No clients are waiting!
2019.06.18 12:54:24.843 DEBUG Server.Server - Socket Timeout - No clients are waiting!
2019.06.18 12:54:25.124 DEBUG Server.Server - Socket Timeout - No clients are waiting!
2019.06.18 12:54:25.845 DEBUG Server.Server - Socket Timeout - No clients are waiting!
2019.06.18 12:54:26.126 DEBUG Server.Server - Socket Timeout - No clients are waiting!
2019.06.18 12:54:26.846 DEBUG Server.Server - Socket Timeout - No clients are waiting!
2019.06.18 12:54:27.126 DEBUG Server.Server - Socket Timeout - No clients are waiting!
2019.06.18 12:54:27.847 DEBUG Server.Server - Socket Timeout - No clients are waiting!
2019.06.18 12:54:28.127 DEBUG Server.Server - Socket Timeout - No clients are waiting!
2019.06.18 12:54:28.848 DEBUG Server.Server - Socket Timeout - No clients are waiting!
2019.06.18 12:54:29.129 DEBUG Server.Server - Socket Timeout - No clients are waiting!
2019.06.18 12:54:29.849 DEBUG Server.Server - Socket Timeout - No clients are waiting!
2019.06.18 12:54:30.131 DEBUG Server.Server - Socket Timeout - No clients are waiting!
2019.06.18 12:54:30.851 DEBUG Server.Server - Socket Timeout - No clients are waiting!
2019.06.18 12:54:31.133 DEBUG Server.Server - Socket Timeout - No clients are waiting!
2019.06.18 12:54:31.853 DEBUG Server.Server - Socket Timeout - No clients are waiting!
2019.06.18 12:54:32.135 DEBUG Server.Server - Socket Timeout - No clients are waiting!
2019.06.18 12:54:32.853 DEBUG Server.Server - Socket Timeout - No clients are waiting!
2019.06.18 12:54:33.189 DEBUG Server.Server - Socket Timeout - No clients are waiting!
2019.06.18 12:54:33.854 DEBUG Server.Server - Socket Timeout - No clients are waiting!
2019.06.18 12:54:34.190 DEBUG Server.Server - Socket Timeout - No clients are waiting!
2019.06.18 12:54:34.855 DEBUG Server.Server - Socket Timeout - No clients are waiting!
2019.06.18 12:54:35.190 DEBUG Server.Server - Socket Timeout - No clients are waiting!
2019.06.18 12:54:35.856 DEBUG Server.Server - Socket Timeout - No clients are waiting!
2019.06.18 12:54:36.192 DEBUG Server.Server - Socket Timeout - No clients are waiting!
2019.06.18 12:54:36.858 DEBUG Server.Server - Socket Timeout - No clients are waiting!
2019.06.18 12:54:37.193 DEBUG Server.Server - Socket Timeout - No clients are waiting!
2019.06.18 12:54:37.859 DEBUG Server.Server - Socket Timeout - No clients are waiting!
2019.06.18 12:54:38.194 DEBUG Server.Server - Socket Timeout - No clients are waiting!
2019.06.18 12:54:38.860 DEBUG Server.Server - Socket Timeout - No clients are waiting!
2019.06.18 12:54:39.196 DEBUG Server.Server - Socket Timeout - No clients are waiting!
2019.06.18 12:54:39.861 DEBUG Server.Server - Socket Timeout - No clients are waiting!
2019.06.18 12:54:40.196 DEBUG Server.Server - Socket Timeout - No clients are waiting!
2019.06.18 12:54:40.862 DEBUG Server.Server - Socket Timeout - No clients are waiting!
2019.06.18 12:54:41.196 DEBUG Server.Server - Socket Timeout - No clients are waiting!
2019.06.18 12:54:41.863 DEBUG Server.Server - Socket Timeout - No clients are waiting!
2019.06.18 12:54:42.197 DEBUG Server.Server - Socket Timeout - No clients are waiting!
2019.06.18 12:54:42.864 DEBUG Server.Server - Socket Timeout - No clients are waiting!
2019.06.18 12:54:43.197 DEBUG Server.Server - Socket Timeout - No clients are waiting!
2019.06.18 12:54:43.864 DEBUG Server.Server - Socket Timeout - No clients are waiting!
2019.06.18 12:54:44.197 DEBUG Server.Server - Socket Timeout - No clients are waiting!
2019.06.18 12:54:44.864 DEBUG Server.Server - Socket Timeout - No clients are waiting!
2019.06.18 12:54:45.198 DEBUG Server.Server - Socket Timeout - No clients are waiting!
2019.06.18 12:54:45.864 DEBUG Server.Server - Socket Timeout - No clients are waiting!
2019.06.18 12:54:46.199 DEBUG Server.Server - Socket Timeout - No clients are waiting!
2019.06.18 12:54:46.866 DEBUG Server.Server - Socket Timeout - No clients are waiting!
2019.06.18 12:54:47.199 DEBUG Server.Server - Socket Timeout - No clients are waiting!
2019.06.18 12:54:47.867 DEBUG Server.Server - Socket Timeout - No clients are waiting!
2019.06.18 12:54:48.200 DEBUG Server.Server - Socket Timeout - No clients are waiting!
2019.06.18 12:54:48.869 DEBUG Server.Server - Socket Timeout - No clients are waiting!
2019.06.18 12:54:49.201 DEBUG Server.Server - Socket Timeout - No clients are waiting!
2019.06.18 12:54:49.870 DEBUG Server.Server - Socket Timeout - No clients are waiting!
2019.06.18 12:54:50.201 DEBUG Server.Server - Socket Timeout - No clients are waiting!
2019.06.18 12:54:50.872 DEBUG Server.Server - Socket Timeout - No clients are waiting!
2019.06.18 12:54:51.202 DEBUG Server.Server - Socket Timeout - No clients are waiting!
2019.06.18 12:54:51.768 INFO  Server.Server - Stopping server..
2019.06.18 12:54:51.768 INFO  Server.Server - Stopping server..
